<?xml version="1.0" encoding="UTF-8"?>
<testng-results ignored="0" total="1" passed="1" failed="0" skipped="0">
  <reporter-output>
  </reporter-output>
  <suite started-at="2021-10-20T14:06:33 IST" name="Default suite" finished-at="2021-10-20T14:09:03 IST" duration-ms="149625">
    <groups>
    </groups>
    <test started-at="2021-10-20T14:06:33 IST" name="Default test" finished-at="2021-10-20T14:09:03 IST" duration-ms="149625">
      <class name="com.mystore.testcases.Loginpagetest">
        <test-method is-config="true" signature="beforesuite()[pri:0, instance:com.mystore.testcases.Loginpagetest@7cc0cdad]" started-at="2021-10-20T14:06:32 IST" name="beforesuite" finished-at="2021-10-20T14:06:33 IST" duration-ms="707" status="PASS">
          <reporter-output>
          </reporter-output>
        </test-method> <!-- beforesuite -->
        <test-method is-config="true" signature="loadconfig()[pri:0, instance:com.mystore.testcases.Loginpagetest@7cc0cdad]" started-at="2021-10-20T14:06:33 IST" name="loadconfig" finished-at="2021-10-20T14:06:33 IST" duration-ms="10" status="PASS">
          <reporter-output>
          </reporter-output>
        </test-method> <!-- loadconfig -->
        <test-method is-config="true" signature="setup()[pri:0, instance:com.mystore.testcases.Loginpagetest@7cc0cdad]" started-at="2021-10-20T14:06:33 IST" name="setup" finished-at="2021-10-20T14:08:14 IST" duration-ms="100759" status="PASS">
          <reporter-output>
          </reporter-output>
        </test-method> <!-- setup -->
        <test-method signature="logintest()[pri:0, instance:com.mystore.testcases.Loginpagetest@7cc0cdad]" started-at="2021-10-20T14:08:14 IST" name="logintest" finished-at="2021-10-20T14:08:59 IST" duration-ms="44903" status="PASS">
          <reporter-output>
          </reporter-output>
        </test-method> <!-- logintest -->
        <test-method is-config="true" signature="teardown()[pri:0, instance:com.mystore.testcases.Loginpagetest@7cc0cdad]" started-at="2021-10-20T14:08:59 IST" name="teardown" finished-at="2021-10-20T14:09:03 IST" duration-ms="3800" status="PASS">
          <reporter-output>
          </reporter-output>
        </test-method> <!-- teardown -->
      </class> <!-- com.mystore.testcases.Loginpagetest -->
    </test> <!-- Default test -->
  </suite> <!-- Default suite -->
</testng-results>
